<?xml version="1.0" encoding="UTF-8"?>
<!-- Generated by org.testng.reporters.JUnitReportReporter -->
<testsuite skipped="0" hostname="DESKTOP-ULUOQPA" name="com.nopcommerce.testcases.TC001_loginTest" tests="1" failures="0" timestamp="01 Apr 2022 14:24:08 GMT" time="20.160" errors="0">
  <testcase name="logintestcase" time="20.160" classname="com.nopcommerce.testcases.TC001_loginTest"/>
</testsuite> <!-- com.nopcommerce.testcases.TC001_loginTest -->
