<?xml version="1.0" encoding="UTF-8"?>
<!-- Generated by org.testng.reporters.JUnitReportReporter -->
<testsuite skipped="0" hostname="DESKTOP-ULUOQPA" name="com.nopcommerce.testcases.loginTest" tests="1" failures="0" timestamp="31 Mar 2022 14:35:26 GMT" time="9.227" errors="0">
  <testcase name="logintestcase" time="9.227" classname="com.nopcommerce.testcases.loginTest"/>
</testsuite> <!-- com.nopcommerce.testcases.loginTest -->
